This is pdfTeX, Version 3.1415926-2.4-1.40.13 (TeX Live 2012/Debian) (format=prv_diapositiva 2013.3.13)  13 MAR 2013 20:09
entering extended mode
 restricted \write18 enabled.
 %&-line parsing enabled.
**&prv_diapositiva _region_.tex
(./_region_.tex
LaTeX2e <2011/06/27>
Babel <v3.8m> and hyphenation patterns for english, dumylang, nohyphenation, et
hiopic, farsi, arabic, pinyin, croatian, bulgarian, ukrainian, russian, slovak,
 czech, danish, dutch, usenglishmax, ukenglish, finnish, french, basque, ngerma
n, german, swissgerman, ngerman-x-2012-05-30, german-x-2012-05-30, monogreek, g
reek, ibycus, ancientgreek, hungarian, bengali, tamil, hindi, telugu, gujarati,
 sanskrit, malayalam, kannada, assamese, marathi, oriya, panjabi, italian, lati
n, latvian, lithuanian, mongolian, mongolianlmc, nynorsk, bokmal, indonesian, e
speranto, coptic, welsh, irish, interlingua, serbian, serbianc, slovenian, friu
lan, romansh, estonian, romanian, armenian, uppersorbian, turkish, afrikaans, i
celandic, kurmanji, polish, portuguese, galician, catalan, spanish, swedish, th
ai, loaded.
CUSTOMISED FORMAT. Preloaded files:
        .
  beamer.cls    2010/06/21 development version 3.10 A class for typesetting pre
sentations (rcs-revision a6b1a8434d30)
beamerbasercs.sty    2010/06/12 (rcs-revision c3821710bb40)
beamerbasemodes.sty    2010/05/01 (rcs-revision efa082c6111d)
beamerbasedecode.sty    2010/05/01 (rcs-revision efa082c6111d)
beamerbaseoptions.sty    2010/04/27 (rcs-revision 982469101dd6)
  keyval.sty    1999/03/16 v1.13 key=value parser (DPC)
geometry.sty    2010/09/12 v5.6 Page Geometry
   ifpdf.sty    2011/01/30 v2.3 Provides the ifpdf switch (HO)
  ifvtex.sty    2010/03/01 v1.5 Detect VTeX and its facilities (HO)
 ifxetex.sty    2010/09/12 v0.6 Provides ifxetex conditional
  size11.clo    2007/10/19 v1.4h Standard LaTeX file (size option)
 pgfcore.sty    2010/04/11 v2.10 (rcs-revision 1.7)
graphicx.sty    1999/02/16 v1.0f Enhanced LaTeX Graphics (DPC,SPQR)
graphics.sty    2009/02/05 v1.0o Standard LaTeX Graphics (DPC,SPQR)
    trig.sty    1999/03/16 v1.09 sin cos tan (DPC)
graphics.cfg    2010/04/23 v1.9 graphics configuration of TeX Live
   dvips.def    1999/02/16 v3.0i Driver-dependant file (DPC,SPQR)
  pgfsys.sty    2010/06/30 v2.10 (rcs-revision 1.37)
  pgfrcs.sty    2010/10/25 v2.10 (rcs-revision 1.24)
everyshi.sty    2001/05/15 v3.00 EveryShipout Package (MS)
  pgfrcs.code.tex
  pgfsys.code.tex
pgfsyssoftpath.code.tex    2008/07/18  (rcs-revision 1.7)
pgfsysprotocol.code.tex    2006/10/16  (rcs-revision 1.4)
  xcolor.sty    2007/01/21 v2.11 LaTeX color extensions (UK)
   color.cfg    2007/01/18 v1.5 color configuration of teTeX/TeXLive
 pgfcore.code.tex
 xxcolor.sty    2003/10/24 ver 0.1
hyperref.sty    2012/05/13 v6.82q Hypertext links for LaTeX
hobsub-hyperref.sty    2012/05/28 v1.13 Bundle oberdiek, subset hyperref (HO)
hobsub-generic.sty    2012/05/28 v1.13 Bundle oberdiek, subset generic (HO)
  hobsub.sty    2012/05/28 v1.13 Construct package bundles (HO)
infwarerr.sty    2010/04/08 v1.3 Providing info/warning/error messages (HO)
 ltxcmds.sty    2011/11/09 v1.22 LaTeX kernel commands for general use (HO)
ifluatex.sty    2010/03/01 v1.3 Provides the ifluatex switch (HO)
 intcalc.sty    2007/09/27 v1.1 Expandable calculations with integers (HO)
etexcmds.sty    2011/02/16 v1.5 Avoid name clashes with e-TeX commands (HO)
kvsetkeys.sty    2012/04/25 v1.16 Key value parser (HO)
kvdefinekeys.sty    2011/04/07 v1.3 Define keys (HO)
pdftexcmds.sty    2011/11/29 v0.20 Utility functions of pdfTeX for LuaTeX (HO)
pdfescape.sty    2011/11/25 v1.13 Implements pdfTeX's escape features (HO)
bigintcalc.sty    2012/04/08 v1.3 Expandable calculations on big integers (HO)
  bitset.sty    2011/01/30 v1.1 Handle bit-vector datatype (HO)
uniquecounter.sty    2011/01/30 v1.2 Provide unlimited unique counter (HO)
letltxmacro.sty    2010/09/02 v1.4 Let assignment for LaTeX macros (HO)
 hopatch.sty    2012/05/28 v1.2 Wrapper for package hooks (HO)
xcolor-patch.sty    2011/01/30 xcolor patch
atveryend.sty    2011/06/30 v1.8 Hooks at the very end of document (HO)
atbegshi.sty    2011/10/05 v1.16 At begin shipout hook (HO)
refcount.sty    2011/10/16 v3.4 Data extraction from label references (HO)
 hycolor.sty    2011/01/30 v1.7 Color options for hyperref/bookmark (HO)
kvoptions.sty    2011/06/30 v3.11 Key value format for package options (HO)
  pd1enc.def    2012/05/13 v6.82q Hyperref: PDFDocEncoding definition (HO)
hyperref.cfg    2002/06/06 v1.2 hyperref configuration of TeXLive
     url.sty    2006/04/12  ver 3.3  Verb mode for urls, etc.
  hdvips.def    2012/05/13 v6.82q Hyperref driver for dvips
 pdfmark.def    2012/05/13 v6.82q Hyperref definitions for pdfmark specials
rerunfilecheck.sty    2011/04/15 v1.7 Rerun checks for auxiliary files (HO)
beamerbaserequires.sty    2010/05/01  (rcs-revision efa082c6111d)
beamerbasecompatibility.sty    2010/07/12  (rcs-revision 6648c3177e4e)
beamerbasefont.sty    2010/05/10  (rcs-revision cd36e8a33c6b)
 amssymb.sty    2009/06/22 v3.00
amsfonts.sty    2009/06/22 v3.00 Basic AMSFonts support
beamerbasetranslator.sty    2010/06/11  (rcs-revision 85fd1cc7fc42)
translator.sty    2010/06/12 ver 1.10
translator-language-mappings.tex
beamerbasemisc.sty    2010/06/06  (rcs-revision bff0a9294b45)
beamerbasetwoscreens.sty    2010/05/01  (rcs-revision efa082c6111d)
beamerbaseoverlay.sty    2010/05/07  (rcs-revision 5584dad462a9)
beamerbasetitle.sty    2010/06/12  (rcs-revision 717e481ca47a)
beamerbasesection.sty    2010/06/17  (rcs-revision e0d9401bb743)
beamerbaseframe.sty    2010/06/06  (rcs-revision bff0a9294b45)
beamerbaseverbatim.sty    2010/05/01  (rcs-revision efa082c6111d)
beamerbaseframesize.sty    2010/06/27  (rcs-revision 6baa2d92e6f1)
beamerbaseframecomponents.sty    2010/07/12  (rcs-revision 09e82992d9b1)
beamerbasecolor.sty    2010/06/06  (rcs-revision d1a9b48be06d)
beamerbasenotes.sty    2010/05/01  (rcs-revision efa082c6111d)
beamerbasetoc.sty    2010/06/11  (rcs-revision 242ecaa6783b)
beamerbasetemplates.sty    2010/05/01  (rcs-revision efa082c6111d)
beamerbaseauxtemplates.sty    2010/05/01  (rcs-revision efa082c6111d)
beamerbaseboxes.sty    2010/05/01  (rcs-revision efa082c6111d)
beamerbaselocalstructure.sty    2010/06/01  (rcs-revision 81f9e33f7cc2)
enumerate.sty    1999/03/05 v3.00 enumerate extensions (DPC)
beamerbasenavigation.sty    2010/05/01  (rcs-revision efa082c6111d)
beamerbasetheorems.sty    2010/06/06  (rcs-revision 7e7cc5e53e9d)
 amsmath.sty    2000/07/18 v2.13 AMS math features
 amstext.sty    2000/06/29 v2.01
  amsgen.sty    1999/11/30 v2.0
  amsbsy.sty    1999/11/29 v1.2d
  amsopn.sty    1999/12/14 v2.01 operator names
  amsthm.sty    2009/07/02 v2.20.1
beamerbasethemes.sty    2010/05/01  (rcs-revision efa082c6111d)
beamerthemedefault.sty    2010/06/17  (rcs-revision d02a7cf4d8ae)
beamerfontthemedefault.sty    2010/06/17  (rcs-revision d02a7cf4d8ae)
beamercolorthemedefault.sty    2010/06/17  (rcs-revision d02a7cf4d8ae)
beamerinnerthemedefault.sty    2010/06/17  (rcs-revision d02a7cf4d8ae)
beamerouterthemedefault.sty    2010/06/17  (rcs-revision d02a7cf4d8ae)
inputenc.sty    2008/03/30 v1.1d Input encoding file
    utf8.def    2008/04/05 v1.1m UTF-8 support for inputenc
   t1enc.dfu    2008/04/05 v1.1m UTF-8 support for inputenc
  ot1enc.dfu    2008/04/05 v1.1m UTF-8 support for inputenc
  omsenc.dfu    2008/04/05 v1.1m UTF-8 support for inputenc
   babel.sty    2008/07/08 v3.8m The Babel package
 spanish.ldf
verbatim.sty    2003/08/22 v1.5q LaTeX2e package for verbatim enhancements
listings.sty    2007/02/22 1.4 (Carsten Heinz)
 lstmisc.sty    2007/02/22 1.4 (Carsten Heinz)
listings.cfg    2007/02/22 1.4 listings configuration
beamerthemeWarsaw.sty    2010/06/17  (rcs-revision d02a7cf4d8ae)
beamerinnerthemerounded.sty    2010/06/17  (rcs-revision d02a7cf4d8ae)
beamerouterthemeshadow.sty    2010/06/17  (rcs-revision d02a7cf4d8ae)
beamerouterthemesplit.sty    2010/06/17  (rcs-revision d02a7cf4d8ae)
beamercolorthemeorchid.sty    2010/06/17  (rcs-revision d02a7cf4d8ae)
beamercolorthemewhale.sty    2010/06/17  (rcs-revision d02a7cf4d8ae)
beamerfontthemeserif.sty    2010/06/17  (rcs-revision d02a7cf4d8ae)
    umsa.fd    2009/06/22 v3.00 AMS symbols A
    umsb.fd    2009/06/22 v3.00 AMS symbols B
        .
No file _region_.aux.
LaTeX Font Info:    Checking defaults for OML/cmm/m/it on input line 34.
LaTeX Font Info:    ... okay on input line 34.
LaTeX Font Info:    Checking defaults for T1/cmr/m/n on input line 34.
LaTeX Font Info:    ... okay on input line 34.
LaTeX Font Info:    Checking defaults for OT1/cmr/m/n on input line 34.
LaTeX Font Info:    ... okay on input line 34.
LaTeX Font Info:    Checking defaults for OMS/cmsy/m/n on input line 34.
LaTeX Font Info:    ... okay on input line 34.
LaTeX Font Info:    Checking defaults for OMX/cmex/m/n on input line 34.
LaTeX Font Info:    ... okay on input line 34.
LaTeX Font Info:    Checking defaults for U/cmr/m/n on input line 34.
LaTeX Font Info:    ... okay on input line 34.
LaTeX Font Info:    Checking defaults for PD1/pdf/m/n on input line 34.
LaTeX Font Info:    ... okay on input line 34.
(/home/spalac24/.emacs.d/elpa/auctex-11.86/latex/preview.sty
Package: preview 2010/02/14 11.86 (AUCTeX/preview-latex)

(/home/spalac24/.emacs.d/elpa/auctex-11.86/latex/prtightpage.def
\PreviewBorder=\dimen187
)
(/home/spalac24/.emacs.d/elpa/auctex-11.86/latex/prauctex.def
No auxiliary output files.


\hbadness=\count164
\hfuzz=\dimen188
(/home/spalac24/.emacs.d/elpa/auctex-11.86/latex/prauctex.cfg))
(/home/spalac24/.emacs.d/elpa/auctex-11.86/latex/prfootnotes.def)
\pr@snippet=\count165
\pr@box=\box56
\pr@output=\toks49

Preview: Fontsize 10.95pt
)
*geometry* driver: auto-detecting
*geometry* detected driver: dvips
*geometry* verbose mode - [ preamble ] result:
* driver: dvips
* paper: custom
* layout: <same size as paper>
* layoutoffset:(h,v)=(0.0pt,0.0pt)
* modes: includehead includefoot 
* h-part:(L,W,R)=(28.45274pt, 307.28987pt, 28.45274pt)
* v-part:(T,H,B)=(0.0pt, 273.14662pt, 0.0pt)
* \paperwidth=364.19536pt
* \paperheight=273.14662pt
* \textwidth=307.28987pt
* \textheight=244.6939pt
* \oddsidemargin=-43.81725pt
* \evensidemargin=-43.81725pt
* \topmargin=-72.26999pt
* \headheight=14.22636pt
* \headsep=0.0pt
* \topskip=11.0pt
* \footskip=14.22636pt
* \marginparwidth=4.0pt
* \marginparsep=10.0pt
* \columnsep=10.0pt
* \skip\footins=10.0pt plus 4.0pt minus 2.0pt
* \hoffset=0.0pt
* \voffset=0.0pt
* \mag=1000
* \@twocolumnfalse
* \@twosidefalse
* \@mparswitchfalse
* \@reversemarginfalse
* (1in=72.27pt=25.4mm, 1cm=28.453pt)

ABD: EveryShipout initializing macros
\AtBeginShipoutBox=\box57
Package hyperref Info: Link coloring OFF on input line 34.

(/usr/share/texlive/texmf-dist/tex/latex/hyperref/nameref.sty
Package: nameref 2010/04/30 v2.40 Cross-referencing by name of section

(/usr/share/texlive/texmf-dist/tex/generic/oberdiek/gettitlestring.sty
Package: gettitlestring 2010/12/03 v1.4 Cleanup title references (HO)
)
\c@section@level=\count166
)
LaTeX Info: Redefining \ref on input line 34.
LaTeX Info: Redefining \pageref on input line 34.
LaTeX Info: Redefining \nameref on input line 34.


Package hyperref Warning: Rerun to get /PageLabels entry.


(/usr/share/texmf/tex/latex/beamer/base/translator/dicts/translator-basic-dicti
onary/translator-basic-dictionary-English.dict
Dictionary: translator-basic-dictionary, Language: English 
)
(/usr/share/texmf/tex/latex/beamer/base/translator/dicts/translator-bibliograph
y-dictionary/translator-bibliography-dictionary-English.dict
Dictionary: translator-bibliography-dictionary, Language: English 
)
(/usr/share/texmf/tex/latex/beamer/base/translator/dicts/translator-environment
-dictionary/translator-environment-dictionary-English.dict
Dictionary: translator-environment-dictionary, Language: English 
)
(/usr/share/texmf/tex/latex/beamer/base/translator/dicts/translator-months-dict
ionary/translator-months-dictionary-English.dict
Dictionary: translator-months-dictionary, Language: English 
)
(/usr/share/texmf/tex/latex/beamer/base/translator/dicts/translator-numbers-dic
tionary/translator-numbers-dictionary-English.dict
Dictionary: translator-numbers-dictionary, Language: English 
)
(/usr/share/texmf/tex/latex/beamer/base/translator/dicts/translator-theorem-dic
tionary/translator-theorem-dictionary-English.dict
Dictionary: translator-theorem-dictionary, Language: English 
)
LaTeX Info: Redefining \. on input line 34.
LaTeX Info: Redefining \% on input line 34.
\c@lstlisting=\count167

 !name(diapositiva.tex) !offset(70)   !name(diapositiva.tex) !offset(101) 
Package atveryend Info: Empty hook `BeforeClearDocument' on input line 40.
Package atveryend Info: Empty hook `AfterLastShipout' on input line 40.
Package atveryend Info: Empty hook `AtVeryEndDocument' on input line 40.
Package atveryend Info: Empty hook `AtEndAfterFileList' on input line 40.
Package atveryend Info: Empty hook `AtVeryVeryEnd' on input line 40.
 ) 
Here is how much of TeX's memory you used:
 875 strings out of 477396
 15864 string characters out of 2854572
 393377 words of memory out of 3000000
 19853 multiletter control sequences out of 15000+200000
 10371 words of font info for 39 fonts, out of 3000000 for 9000
 957 hyphenation exceptions out of 8191
 29i,1n,44p,188b,106s stack positions out of 5000i,500n,10000p,200000b,50000s

No pages of output.
