This is pdfTeX, Version 3.1415926-2.4-1.40.13 (TeX Live 2012/Debian) (format=pdftex 2013.1.21)  7 FEB 2013 07:43
entering extended mode
 restricted \write18 enabled.
 %&-line parsing enabled.
**tarea2.tex
(./tarea2.tex
! Undefined control sequence.
l.1 \documentclass
                  [a4paper,12pt]{article}
? pdftex tarea2.tex
Type <return> to proceed, S to scroll future error messages,
R to run without stopping, Q to run quietly,
I to insert something, E to edit your file,
1 or ... or 9 to ignore the next 1 to 9 tokens of input,
H for help, X to quit.
? 
! Undefined control sequence.
l.2 \usepackage
               [utf8]{inputenc}
? 
! Undefined control sequence.
l.3 \usepackage
               [spanish]{babel}
? 
! Undefined control sequence.
l.4 \usepackage
               [margin=2.5cm, left=3cm]{geometry}
? 
! Undefined control sequence.
l.7 \title
          {Tarea1}
? 
! Undefined control sequence.
l.8 \author
           {Santiago Palacio}
? 
! Undefined control sequence.
l.10 \begin
           {document}
? q
OK, entering \batchmode...
! Undefined control sequence.
l.12 \maketitle
               
The control sequence at the end of the top line
of your error message was never \def'ed. If you have
misspelled it (e.g., `\hobx'), type `I' and the correct
spelling (e.g., `I\hbox'). Otherwise just continue,
and I'll forget about whatever was undefined.

Missing character: There is no ร in font cmr10!
Missing character: There is no ณ in font cmr10!
Missing character: There is no ร in font cmr10!
Missing character: There is no ฉ in font cmr10!
! Undefined control sequence.
l.16 \textbf
            {Programaciรณn Funcional}
The control sequence at the end of the top line
of your error message was never \def'ed. If you have
misspelled it (e.g., `\hobx'), type `I' and the correct
spelling (e.g., `I\hbox'). Otherwise just continue,
and I'll forget about whatever was undefined.

Missing character: There is no ร in font cmr10!
Missing character: There is no ณ in font cmr10!
Missing character: There is no ร in font cmr10!
Missing character: There is no ณ in font cmr10!
Missing character: There is no ร in font cmr10!
Missing character: There is no ญ in font cmr10!
Missing character: There is no ร in font cmr10!
Missing character: There is no ฑ in font cmr10!
Missing character: There is no ร in font cmr10!
Missing character: There is no ญ in font cmr10!
Missing character: There is no ร in font cmr10!
Missing character: There is no ก in font cmr10!
Missing character: There is no ร in font cmr10!
Missing character: There is no ก in font cmr10!
Missing character: There is no ร in font cmr10!
Missing character: There is no ฉ in font cmr10!
Missing character: There is no ร in font cmr10!
Missing character: There is no ญ in font cmr10!
Missing character: There is no ร in font cmr10!
Missing character: There is no ฉ in font cmr10!
 [1{/var/lib/texmf/fonts/map/pdftex/updmap/pdftex.map}] )</usr/share/texlive/te
xmf-dist/fonts/type1/public/amsfonts/cm/cmr10.pfb>
Output written on tarea2.pdf (1 page, 20429 bytes).
PDF statistics:
 12 PDF objects out of 1000 (max. 8388607)
 7 compressed objects within 1 object stream
 0 named destinations out of 1000 (max. 500000)
 1 words of extra memory for PDF output out of 10000 (max. 10000000)

